{"meta": {"format": 3, "version": "7.9.1", "timestamp": "2025-07-07T11:38:13.072890", "branch_coverage": false, "show_contexts": false}, "files": {"src/__init__.py": {"executed_lines": [0], "summary": {"covered_lines": 0, "num_statements": 0, "percent_covered": 100.0, "percent_covered_display": "100", "missing_lines": 0, "excluded_lines": 0}, "missing_lines": [], "excluded_lines": [], "functions": {"": {"executed_lines": [], "summary": {"covered_lines": 0, "num_statements": 0, "percent_covered": 100.0, "percent_covered_display": "100", "missing_lines": 0, "excluded_lines": 0}, "missing_lines": [], "excluded_lines": []}}, "classes": {"": {"executed_lines": [], "summary": {"covered_lines": 0, "num_statements": 0, "percent_covered": 100.0, "percent_covered_display": "100", "missing_lines": 0, "excluded_lines": 0}, "missing_lines": [], "excluded_lines": []}}}, "src/app/__init__.py": {"executed_lines": [1], "summary": {"covered_lines": 1, "num_statements": 1, "percent_covered": 100.0, "percent_covered_display": "100", "missing_lines": 0, "excluded_lines": 0}, "missing_lines": [], "excluded_lines": [], "functions": {"": {"executed_lines": [1], "summary": {"covered_lines": 1, "num_statements": 1, "percent_covered": 100.0, "percent_covered_display": "100", "missing_lines": 0, "excluded_lines": 0}, "missing_lines": [], "excluded_lines": []}}, "classes": {"": {"executed_lines": [1], "summary": {"covered_lines": 1, "num_statements": 1, "percent_covered": 100.0, "percent_covered_display": "100", "missing_lines": 0, "excluded_lines": 0}, "missing_lines": [], "excluded_lines": []}}}, "src/app/crud.py": {"executed_lines": [1, 2, 3, 4, 6, 10, 12, 13, 14, 18, 22, 31, 35, 48, 58, 64, 72, 78, 88, 90, 92, 98, 106, 110], "summary": {"covered_lines": 24, "num_statements": 69, "percent_covered": 34.78260869565217, "percent_covered_display": "35", "missing_lines": 45, "excluded_lines": 0}, "missing_lines": [15, 16, 20, 24, 25, 26, 27, 28, 29, 33, 37, 38, 39, 41, 42, 44, 45, 46, 50, 51, 52, 54, 55, 56, 60, 66, 67, 68, 69, 70, 74, 80, 81, 82, 84, 85, 86, 94, 100, 101, 102, 103, 104, 108, 112], "excluded_lines": [], "functions": {"create_task": {"executed_lines": [12, 13, 14], "summary": {"covered_lines": 3, "num_statements": 5, "percent_covered": 60.0, "percent_covered_display": "60", "missing_lines": 2, "excluded_lines": 0}, "missing_lines": [15, 16], "excluded_lines": []}, "get_task": {"executed_lines": [], "summary": {"covered_lines": 0, "num_statements": 1, "percent_covered": 0.0, "percent_covered_display": "0", "missing_lines": 1, "excluded_lines": 0}, "missing_lines": [20], "excluded_lines": []}, "get_tasks_by_status": {"executed_lines": [], "summary": {"covered_lines": 0, "num_statements": 6, "percent_covered": 0.0, "percent_covered_display": "0", "missing_lines": 6, "excluded_lines": 0}, "missing_lines": [24, 25, 26, 27, 28, 29], "excluded_lines": []}, "search_tasks_by_name": {"executed_lines": [], "summary": {"covered_lines": 0, "num_statements": 1, "percent_covered": 0.0, "percent_covered_display": "0", "missing_lines": 1, "excluded_lines": 0}, "missing_lines": [33], "excluded_lines": []}, "update_task": {"executed_lines": [], "summary": {"covered_lines": 0, "num_statements": 8, "percent_covered": 0.0, "percent_covered_display": "0", "missing_lines": 8, "excluded_lines": 0}, "missing_lines": [37, 38, 39, 41, 42, 44, 45, 46], "excluded_lines": []}, "delete_task": {"executed_lines": [], "summary": {"covered_lines": 0, "num_statements": 6, "percent_covered": 0.0, "percent_covered_display": "0", "missing_lines": 6, "excluded_lines": 0}, "missing_lines": [50, 51, 52, 54, 55, 56], "excluded_lines": []}, "get_subtasks": {"executed_lines": [], "summary": {"covered_lines": 0, "num_statements": 1, "percent_covered": 0.0, "percent_covered_display": "0", "missing_lines": 1, "excluded_lines": 0}, "missing_lines": [60], "excluded_lines": []}, "create_habit": {"executed_lines": [], "summary": {"covered_lines": 0, "num_statements": 5, "percent_covered": 0.0, "percent_covered_display": "0", "missing_lines": 5, "excluded_lines": 0}, "missing_lines": [66, 67, 68, 69, 70], "excluded_lines": []}, "get_habit": {"executed_lines": [], "summary": {"covered_lines": 0, "num_statements": 1, "percent_covered": 0.0, "percent_covered_display": "0", "missing_lines": 1, "excluded_lines": 0}, "missing_lines": [74], "excluded_lines": []}, "delete_habit": {"executed_lines": [], "summary": {"covered_lines": 0, "num_statements": 6, "percent_covered": 0.0, "percent_covered_display": "0", "missing_lines": 6, "excluded_lines": 0}, "missing_lines": [80, 81, 82, 84, 85, 86], "excluded_lines": []}, "get_habit_by_name": {"executed_lines": [90], "summary": {"covered_lines": 1, "num_statements": 1, "percent_covered": 100.0, "percent_covered_display": "100", "missing_lines": 0, "excluded_lines": 0}, "missing_lines": [], "excluded_lines": []}, "get_all_habits": {"executed_lines": [], "summary": {"covered_lines": 0, "num_statements": 1, "percent_covered": 0.0, "percent_covered_display": "0", "missing_lines": 1, "excluded_lines": 0}, "missing_lines": [94], "excluded_lines": []}, "create_habit_log": {"executed_lines": [], "summary": {"covered_lines": 0, "num_statements": 5, "percent_covered": 0.0, "percent_covered_display": "0", "missing_lines": 5, "excluded_lines": 0}, "missing_lines": [100, 101, 102, 103, 104], "excluded_lines": []}, "get_log_by_date": {"executed_lines": [], "summary": {"covered_lines": 0, "num_statements": 1, "percent_covered": 0.0, "percent_covered_display": "0", "missing_lines": 1, "excluded_lines": 0}, "missing_lines": [108], "excluded_lines": []}, "get_logs_by_habit_id": {"executed_lines": [], "summary": {"covered_lines": 0, "num_statements": 1, "percent_covered": 0.0, "percent_covered_display": "0", "missing_lines": 1, "excluded_lines": 0}, "missing_lines": [112], "excluded_lines": []}, "": {"executed_lines": [1, 2, 3, 4, 6, 10, 18, 22, 31, 35, 48, 58, 64, 72, 78, 88, 92, 98, 106, 110], "summary": {"covered_lines": 20, "num_statements": 20, "percent_covered": 100.0, "percent_covered_display": "100", "missing_lines": 0, "excluded_lines": 0}, "missing_lines": [], "excluded_lines": []}}, "classes": {"": {"executed_lines": [1, 2, 3, 4, 6, 10, 12, 13, 14, 18, 22, 31, 35, 48, 58, 64, 72, 78, 88, 90, 92, 98, 106, 110], "summary": {"covered_lines": 24, "num_statements": 69, "percent_covered": 34.78260869565217, "percent_covered_display": "35", "missing_lines": 45, "excluded_lines": 0}, "missing_lines": [15, 16, 20, 24, 25, 26, 27, 28, 29, 33, 37, 38, 39, 41, 42, 44, 45, 46, 50, 51, 52, 54, 55, 56, 60, 66, 67, 68, 69, 70, 74, 80, 81, 82, 84, 85, 86, 94, 100, 101, 102, 103, 104, 108, 112], "excluded_lines": []}}}, "src/app/db.py": {"executed_lines": [1, 2, 3, 4, 5, 8, 10, 11, 13, 18, 25, 28, 30, 31, 32, 33, 34, 35, 37, 38, 40, 41, 55], "summary": {"covered_lines": 23, "num_statements": 34, "percent_covered": 67.6470588235294, "percent_covered_display": "68", "missing_lines": 11, "excluded_lines": 0}, "missing_lines": [43, 44, 46, 47, 49, 50, 53, 56, 57, 58, 60], "excluded_lines": [], "functions": {"create_tables": {"executed_lines": [31, 32, 33, 34, 35], "summary": {"covered_lines": 5, "num_statements": 5, "percent_covered": 100.0, "percent_covered_display": "100", "missing_lines": 0, "excluded_lines": 0}, "missing_lines": [], "excluded_lines": []}, "drop_tables": {"executed_lines": [38], "summary": {"covered_lines": 1, "num_statements": 1, "percent_covered": 100.0, "percent_covered_display": "100", "missing_lines": 0, "excluded_lines": 0}, "missing_lines": [], "excluded_lines": []}, "db_session": {"executed_lines": [], "summary": {"covered_lines": 0, "num_statements": 7, "percent_covered": 0.0, "percent_covered_display": "0", "missing_lines": 7, "excluded_lines": 0}, "missing_lines": [43, 44, 46, 47, 49, 50, 53], "excluded_lines": []}, "get_db": {"executed_lines": [], "summary": {"covered_lines": 0, "num_statements": 4, "percent_covered": 0.0, "percent_covered_display": "0", "missing_lines": 4, "excluded_lines": 0}, "missing_lines": [56, 57, 58, 60], "excluded_lines": []}, "": {"executed_lines": [1, 2, 3, 4, 5, 8, 10, 11, 13, 18, 25, 28, 30, 37, 40, 41, 55], "summary": {"covered_lines": 17, "num_statements": 17, "percent_covered": 100.0, "percent_covered_display": "100", "missing_lines": 0, "excluded_lines": 0}, "missing_lines": [], "excluded_lines": []}}, "classes": {"": {"executed_lines": [1, 2, 3, 4, 5, 8, 10, 11, 13, 18, 25, 28, 30, 31, 32, 33, 34, 35, 37, 38, 40, 41, 55], "summary": {"covered_lines": 23, "num_statements": 34, "percent_covered": 67.6470588235294, "percent_covered_display": "68", "missing_lines": 11, "excluded_lines": 0}, "missing_lines": [43, 44, 46, 47, 49, 50, 53, 56, 57, 58, 60], "excluded_lines": []}}}, "src/app/main.py": {"executed_lines": [1, 2, 3, 4, 6, 7, 8, 9, 11, 12, 14, 18, 30, 37, 38, 40, 41, 51, 52, 55], "summary": {"covered_lines": 20, "num_statements": 29, "percent_covered": 68.96551724137932, "percent_covered_display": "69", "missing_lines": 9, "excluded_lines": 0}, "missing_lines": [43, 44, 45, 46, 47, 49, 53, 56, 58], "excluded_lines": [], "functions": {"on_startup": {"executed_lines": [], "summary": {"covered_lines": 0, "num_statements": 6, "percent_covered": 0.0, "percent_covered_display": "0", "missing_lines": 6, "excluded_lines": 0}, "missing_lines": [43, 44, 45, 46, 47, 49], "excluded_lines": []}, "health_check": {"executed_lines": [], "summary": {"covered_lines": 0, "num_statements": 1, "percent_covered": 0.0, "percent_covered_display": "0", "missing_lines": 1, "excluded_lines": 0}, "missing_lines": [53], "excluded_lines": []}, "run_backend": {"executed_lines": [], "summary": {"covered_lines": 0, "num_statements": 2, "percent_covered": 0.0, "percent_covered_display": "0", "missing_lines": 2, "excluded_lines": 0}, "missing_lines": [56, 58], "excluded_lines": []}, "": {"executed_lines": [1, 2, 3, 4, 6, 7, 8, 9, 11, 12, 14, 18, 30, 37, 38, 40, 41, 51, 52, 55], "summary": {"covered_lines": 20, "num_statements": 20, "percent_covered": 100.0, "percent_covered_display": "100", "missing_lines": 0, "excluded_lines": 0}, "missing_lines": [], "excluded_lines": []}}, "classes": {"": {"executed_lines": [1, 2, 3, 4, 6, 7, 8, 9, 11, 12, 14, 18, 30, 37, 38, 40, 41, 51, 52, 55], "summary": {"covered_lines": 20, "num_statements": 29, "percent_covered": 68.96551724137932, "percent_covered_display": "69", "missing_lines": 9, "excluded_lines": 0}, "missing_lines": [43, 44, 45, 46, 47, 49, 53, 56, 58], "excluded_lines": []}}}, "src/app/models.py": {"executed_lines": [1, 2, 3, 4, 5, 6, 8, 10, 11, 13, 14, 15, 16, 17, 18, 19, 21, 24, 32, 39, 43, 49, 50, 88, 89, 91, 92, 93, 94, 95, 97, 101, 102, 103, 106, 107, 108, 110], "summary": {"covered_lines": 38, "num_statements": 56, "percent_covered": 67.85714285714286, "percent_covered_display": "68", "missing_lines": 18, "excluded_lines": 0}, "missing_lines": [54, 55, 57, 58, 59, 61, 62, 64, 66, 67, 70, 71, 73, 74, 76, 77, 79, 81], "excluded_lines": [], "functions": {"Task.priority_parameter": {"executed_lines": [], "summary": {"covered_lines": 0, "num_statements": 18, "percent_covered": 0.0, "percent_covered_display": "0", "missing_lines": 18, "excluded_lines": 0}, "missing_lines": [54, 55, 57, 58, 59, 61, 62, 64, 66, 67, 70, 71, 73, 74, 76, 77, 79, 81], "excluded_lines": []}, "": {"executed_lines": [1, 2, 3, 4, 5, 6, 8, 10, 11, 13, 14, 15, 16, 17, 18, 19, 21, 24, 32, 39, 43, 49, 50, 88, 89, 91, 92, 93, 94, 95, 97, 101, 102, 103, 106, 107, 108, 110], "summary": {"covered_lines": 38, "num_statements": 38, "percent_covered": 100.0, "percent_covered_display": "100", "missing_lines": 0, "excluded_lines": 0}, "missing_lines": [], "excluded_lines": []}}, "classes": {"Task": {"executed_lines": [], "summary": {"covered_lines": 0, "num_statements": 18, "percent_covered": 0.0, "percent_covered_display": "0", "missing_lines": 18, "excluded_lines": 0}, "missing_lines": [54, 55, 57, 58, 59, 61, 62, 64, 66, 67, 70, 71, 73, 74, 76, 77, 79, 81], "excluded_lines": []}, "Habit": {"executed_lines": [], "summary": {"covered_lines": 0, "num_statements": 0, "percent_covered": 100.0, "percent_covered_display": "100", "missing_lines": 0, "excluded_lines": 0}, "missing_lines": [], "excluded_lines": []}, "HabitLog": {"executed_lines": [], "summary": {"covered_lines": 0, "num_statements": 0, "percent_covered": 100.0, "percent_covered_display": "100", "missing_lines": 0, "excluded_lines": 0}, "missing_lines": [], "excluded_lines": []}, "": {"executed_lines": [1, 2, 3, 4, 5, 6, 8, 10, 11, 13, 14, 15, 16, 17, 18, 19, 21, 24, 32, 39, 43, 49, 50, 88, 89, 91, 92, 93, 94, 95, 97, 101, 102, 103, 106, 107, 108, 110], "summary": {"covered_lines": 38, "num_statements": 38, "percent_covered": 100.0, "percent_covered_display": "100", "missing_lines": 0, "excluded_lines": 0}, "missing_lines": [], "excluded_lines": []}}}, "src/app/routers/__init__.py": {"executed_lines": [0], "summary": {"covered_lines": 0, "num_statements": 0, "percent_covered": 100.0, "percent_covered_display": "100", "missing_lines": 0, "excluded_lines": 0}, "missing_lines": [], "excluded_lines": [], "functions": {"": {"executed_lines": [], "summary": {"covered_lines": 0, "num_statements": 0, "percent_covered": 100.0, "percent_covered_display": "100", "missing_lines": 0, "excluded_lines": 0}, "missing_lines": [], "excluded_lines": []}}, "classes": {"": {"executed_lines": [], "summary": {"covered_lines": 0, "num_statements": 0, "percent_covered": 100.0, "percent_covered_display": "100", "missing_lines": 0, "excluded_lines": 0}, "missing_lines": [], "excluded_lines": []}}}, "src/app/routers/habits.py": {"executed_lines": [1, 2, 3, 5, 6, 8, 11, 12, 13, 14, 15, 19, 20, 24, 30, 45, 50, 57, 62, 68, 69], "summary": {"covered_lines": 21, "num_statements": 47, "percent_covered": 44.680851063829785, "percent_covered_display": "45", "missing_lines": 26, "excluded_lines": 0}, "missing_lines": [16, 21, 31, 32, 33, 35, 36, 37, 38, 39, 40, 41, 42, 43, 51, 52, 53, 54, 63, 64, 65, 66, 73, 74, 75, 76], "excluded_lines": [], "functions": {"create_habit": {"executed_lines": [13, 14, 15], "summary": {"covered_lines": 3, "num_statements": 4, "percent_covered": 75.0, "percent_covered_display": "75", "missing_lines": 1, "excluded_lines": 0}, "missing_lines": [16], "excluded_lines": []}, "list_habits": {"executed_lines": [], "summary": {"covered_lines": 0, "num_statements": 1, "percent_covered": 0.0, "percent_covered_display": "0", "missing_lines": 1, "excluded_lines": 0}, "missing_lines": [21], "excluded_lines": []}, "create_habit_log": {"executed_lines": [], "summary": {"covered_lines": 0, "num_statements": 12, "percent_covered": 0.0, "percent_covered_display": "0", "missing_lines": 12, "excluded_lines": 0}, "missing_lines": [31, 32, 33, 35, 36, 37, 38, 39, 40, 41, 42, 43], "excluded_lines": []}, "get_habit_logs": {"executed_lines": [], "summary": {"covered_lines": 0, "num_statements": 4, "percent_covered": 0.0, "percent_covered_display": "0", "missing_lines": 4, "excluded_lines": 0}, "missing_lines": [51, 52, 53, 54], "excluded_lines": []}, "get_habit_streak": {"executed_lines": [], "summary": {"covered_lines": 0, "num_statements": 4, "percent_covered": 0.0, "percent_covered_display": "0", "missing_lines": 4, "excluded_lines": 0}, "missing_lines": [63, 64, 65, 66], "excluded_lines": []}, "delete_habit": {"executed_lines": [], "summary": {"covered_lines": 0, "num_statements": 4, "percent_covered": 0.0, "percent_covered_display": "0", "missing_lines": 4, "excluded_lines": 0}, "missing_lines": [73, 74, 75, 76], "excluded_lines": []}, "": {"executed_lines": [1, 2, 3, 5, 6, 8, 11, 12, 19, 20, 24, 30, 45, 50, 57, 62, 68, 69], "summary": {"covered_lines": 18, "num_statements": 18, "percent_covered": 100.0, "percent_covered_display": "100", "missing_lines": 0, "excluded_lines": 0}, "missing_lines": [], "excluded_lines": []}}, "classes": {"": {"executed_lines": [1, 2, 3, 5, 6, 8, 11, 12, 13, 14, 15, 19, 20, 24, 30, 45, 50, 57, 62, 68, 69], "summary": {"covered_lines": 21, "num_statements": 47, "percent_covered": 44.680851063829785, "percent_covered_display": "45", "missing_lines": 26, "excluded_lines": 0}, "missing_lines": [16, 21, 31, 32, 33, 35, 36, 37, 38, 39, 40, 41, 42, 43, 51, 52, 53, 54, 63, 64, 65, 66, 73, 74, 75, 76], "excluded_lines": []}}}, "src/app/routers/tasks.py": {"executed_lines": [1, 2, 3, 5, 6, 8, 10, 11, 12, 13, 14, 17, 18, 25, 26, 32, 33, 40, 41, 47, 48, 51, 54], "summary": {"covered_lines": 23, "num_statements": 43, "percent_covered": 53.48837209302326, "percent_covered_display": "53", "missing_lines": 20, "excluded_lines": 0}, "missing_lines": [15, 23, 27, 28, 29, 30, 34, 35, 36, 37, 38, 42, 43, 44, 45, 49, 55, 56, 57, 58], "excluded_lines": [], "functions": {"create_task": {"executed_lines": [12, 13, 14], "summary": {"covered_lines": 3, "num_statements": 4, "percent_covered": 75.0, "percent_covered_display": "75", "missing_lines": 1, "excluded_lines": 0}, "missing_lines": [15], "excluded_lines": []}, "list_tasks": {"executed_lines": [], "summary": {"covered_lines": 0, "num_statements": 1, "percent_covered": 0.0, "percent_covered_display": "0", "missing_lines": 1, "excluded_lines": 0}, "missing_lines": [23], "excluded_lines": []}, "get_task": {"executed_lines": [], "summary": {"covered_lines": 0, "num_statements": 4, "percent_covered": 0.0, "percent_covered_display": "0", "missing_lines": 4, "excluded_lines": 0}, "missing_lines": [27, 28, 29, 30], "excluded_lines": []}, "update_task": {"executed_lines": [], "summary": {"covered_lines": 0, "num_statements": 5, "percent_covered": 0.0, "percent_covered_display": "0", "missing_lines": 5, "excluded_lines": 0}, "missing_lines": [34, 35, 36, 37, 38], "excluded_lines": []}, "delete_task": {"executed_lines": [], "summary": {"covered_lines": 0, "num_statements": 4, "percent_covered": 0.0, "percent_covered_display": "0", "missing_lines": 4, "excluded_lines": 0}, "missing_lines": [42, 43, 44, 45], "excluded_lines": []}, "search_tasks": {"executed_lines": [], "summary": {"covered_lines": 0, "num_statements": 1, "percent_covered": 0.0, "percent_covered_display": "0", "missing_lines": 1, "excluded_lines": 0}, "missing_lines": [49], "excluded_lines": []}, "get_children_tasks": {"executed_lines": [], "summary": {"covered_lines": 0, "num_statements": 4, "percent_covered": 0.0, "percent_covered_display": "0", "missing_lines": 4, "excluded_lines": 0}, "missing_lines": [55, 56, 57, 58], "excluded_lines": []}, "": {"executed_lines": [1, 2, 3, 5, 6, 8, 10, 11, 17, 18, 25, 26, 32, 33, 40, 41, 47, 48, 51, 54], "summary": {"covered_lines": 20, "num_statements": 20, "percent_covered": 100.0, "percent_covered_display": "100", "missing_lines": 0, "excluded_lines": 0}, "missing_lines": [], "excluded_lines": []}}, "classes": {"": {"executed_lines": [1, 2, 3, 5, 6, 8, 10, 11, 12, 13, 14, 17, 18, 25, 26, 32, 33, 40, 41, 47, 48, 51, 54], "summary": {"covered_lines": 23, "num_statements": 43, "percent_covered": 53.48837209302326, "percent_covered_display": "53", "missing_lines": 20, "excluded_lines": 0}, "missing_lines": [15, 23, 27, 28, 29, 30, 34, 35, 36, 37, 38, 42, 43, 44, 45, 49, 55, 56, 57, 58], "excluded_lines": []}}}, "src/app/schemas.py": {"executed_lines": [1, 2, 3, 5, 6, 7, 8, 9, 10, 11, 13, 15, 16, 18, 19, 20, 21, 22, 23, 24, 25, 27, 29, 30, 34, 35, 36, 37, 38, 40, 42, 43, 44, 45, 47, 49, 50, 52, 53, 54, 55, 56, 58, 60, 61, 63, 64, 65, 66, 68, 70, 71, 72, 74], "summary": {"covered_lines": 54, "num_statements": 55, "percent_covered": 98.18181818181819, "percent_covered_display": "98", "missing_lines": 1, "excluded_lines": 0}, "missing_lines": [32], "excluded_lines": [], "functions": {"TaskUpdate.serialize_parent_id": {"executed_lines": [], "summary": {"covered_lines": 0, "num_statements": 1, "percent_covered": 0.0, "percent_covered_display": "0", "missing_lines": 1, "excluded_lines": 0}, "missing_lines": [32], "excluded_lines": []}, "": {"executed_lines": [1, 2, 3, 5, 6, 7, 8, 9, 10, 11, 13, 15, 16, 18, 19, 20, 21, 22, 23, 24, 25, 27, 29, 30, 34, 35, 36, 37, 38, 40, 42, 43, 44, 45, 47, 49, 50, 52, 53, 54, 55, 56, 58, 60, 61, 63, 64, 65, 66, 68, 70, 71, 72, 74], "summary": {"covered_lines": 54, "num_statements": 54, "percent_covered": 100.0, "percent_covered_display": "100", "missing_lines": 0, "excluded_lines": 0}, "missing_lines": [], "excluded_lines": []}}, "classes": {"TaskBase": {"executed_lines": [], "summary": {"covered_lines": 0, "num_statements": 0, "percent_covered": 100.0, "percent_covered_display": "100", "missing_lines": 0, "excluded_lines": 0}, "missing_lines": [], "excluded_lines": []}, "TaskCreate": {"executed_lines": [], "summary": {"covered_lines": 0, "num_statements": 0, "percent_covered": 100.0, "percent_covered_display": "100", "missing_lines": 0, "excluded_lines": 0}, "missing_lines": [], "excluded_lines": []}, "TaskUpdate": {"executed_lines": [], "summary": {"covered_lines": 0, "num_statements": 1, "percent_covered": 0.0, "percent_covered_display": "0", "missing_lines": 1, "excluded_lines": 0}, "missing_lines": [32], "excluded_lines": []}, "TaskOut": {"executed_lines": [], "summary": {"covered_lines": 0, "num_statements": 0, "percent_covered": 100.0, "percent_covered_display": "100", "missing_lines": 0, "excluded_lines": 0}, "missing_lines": [], "excluded_lines": []}, "HabitBase": {"executed_lines": [], "summary": {"covered_lines": 0, "num_statements": 0, "percent_covered": 100.0, "percent_covered_display": "100", "missing_lines": 0, "excluded_lines": 0}, "missing_lines": [], "excluded_lines": []}, "HabitCreate": {"executed_lines": [], "summary": {"covered_lines": 0, "num_statements": 0, "percent_covered": 100.0, "percent_covered_display": "100", "missing_lines": 0, "excluded_lines": 0}, "missing_lines": [], "excluded_lines": []}, "HabitUpdate": {"executed_lines": [], "summary": {"covered_lines": 0, "num_statements": 0, "percent_covered": 100.0, "percent_covered_display": "100", "missing_lines": 0, "excluded_lines": 0}, "missing_lines": [], "excluded_lines": []}, "HabitLogCreate": {"executed_lines": [], "summary": {"covered_lines": 0, "num_statements": 0, "percent_covered": 100.0, "percent_covered_display": "100", "missing_lines": 0, "excluded_lines": 0}, "missing_lines": [], "excluded_lines": []}, "HabitLogOut": {"executed_lines": [], "summary": {"covered_lines": 0, "num_statements": 0, "percent_covered": 100.0, "percent_covered_display": "100", "missing_lines": 0, "excluded_lines": 0}, "missing_lines": [], "excluded_lines": []}, "HabitOut": {"executed_lines": [], "summary": {"covered_lines": 0, "num_statements": 0, "percent_covered": 100.0, "percent_covered_display": "100", "missing_lines": 0, "excluded_lines": 0}, "missing_lines": [], "excluded_lines": []}, "": {"executed_lines": [1, 2, 3, 5, 6, 7, 8, 9, 10, 11, 13, 15, 16, 18, 19, 20, 21, 22, 23, 24, 25, 27, 29, 30, 34, 35, 36, 37, 38, 40, 42, 43, 44, 45, 47, 49, 50, 52, 53, 54, 55, 56, 58, 60, 61, 63, 64, 65, 66, 68, 70, 71, 72, 74], "summary": {"covered_lines": 54, "num_statements": 54, "percent_covered": 100.0, "percent_covered_display": "100", "missing_lines": 0, "excluded_lines": 0}, "missing_lines": [], "excluded_lines": []}}}, "src/app/services.py": {"executed_lines": [1, 2, 4, 6, 7, 8, 10, 13, 16, 20, 23, 24, 31, 32, 48, 49, 66, 67, 72, 73, 80, 81, 87, 88, 89, 91, 94, 100, 101, 106, 107, 124, 125, 132, 133, 161, 162], "summary": {"covered_lines": 37, "num_statements": 111, "percent_covered": 33.333333333333336, "percent_covered_display": "33", "missing_lines": 74, "excluded_lines": 0}, "missing_lines": [11, 17, 18, 21, 26, 27, 28, 29, 34, 36, 38, 39, 40, 42, 44, 46, 51, 52, 53, 55, 56, 57, 59, 60, 61, 62, 63, 64, 69, 70, 75, 76, 77, 78, 83, 84, 95, 97, 98, 103, 104, 110, 111, 113, 114, 115, 118, 119, 121, 122, 127, 128, 129, 130, 135, 136, 138, 139, 140, 142, 143, 144, 146, 148, 149, 151, 152, 154, 155, 156, 157, 159, 165, 166], "excluded_lines": [], "functions": {"TaskService.create_task": {"executed_lines": [10, 13, 16, 20], "summary": {"covered_lines": 4, "num_statements": 8, "percent_covered": 50.0, "percent_covered_display": "50", "missing_lines": 4, "excluded_lines": 0}, "missing_lines": [11, 17, 18, 21], "excluded_lines": []}, "TaskService.get_task": {"executed_lines": [], "summary": {"covered_lines": 0, "num_statements": 4, "percent_covered": 0.0, "percent_covered_display": "0", "missing_lines": 4, "excluded_lines": 0}, "missing_lines": [26, 27, 28, 29], "excluded_lines": []}, "TaskService.get_all_tasks": {"executed_lines": [], "summary": {"covered_lines": 0, "num_statements": 8, "percent_covered": 0.0, "percent_covered_display": "0", "missing_lines": 8, "excluded_lines": 0}, "missing_lines": [34, 36, 38, 39, 40, 42, 44, 46], "excluded_lines": []}, "TaskService.update_task": {"executed_lines": [], "summary": {"covered_lines": 0, "num_statements": 12, "percent_covered": 0.0, "percent_covered_display": "0", "missing_lines": 12, "excluded_lines": 0}, "missing_lines": [51, 52, 53, 55, 56, 57, 59, 60, 61, 62, 63, 64], "excluded_lines": []}, "TaskService.delete_task": {"executed_lines": [], "summary": {"covered_lines": 0, "num_statements": 2, "percent_covered": 0.0, "percent_covered_display": "0", "missing_lines": 2, "excluded_lines": 0}, "missing_lines": [69, 70], "excluded_lines": []}, "TaskService.get_subtasks": {"executed_lines": [], "summary": {"covered_lines": 0, "num_statements": 4, "percent_covered": 0.0, "percent_covered_display": "0", "missing_lines": 4, "excluded_lines": 0}, "missing_lines": [75, 76, 77, 78], "excluded_lines": []}, "TaskService.search_tasks": {"executed_lines": [], "summary": {"covered_lines": 0, "num_statements": 2, "percent_covered": 0.0, "percent_covered_display": "0", "missing_lines": 2, "excluded_lines": 0}, "missing_lines": [83, 84], "excluded_lines": []}, "HabitService.create_habit": {"executed_lines": [91, 94], "summary": {"covered_lines": 2, "num_statements": 5, "percent_covered": 40.0, "percent_covered_display": "40", "missing_lines": 3, "excluded_lines": 0}, "missing_lines": [95, 97, 98], "excluded_lines": []}, "HabitService.get_all_habits": {"executed_lines": [], "summary": {"covered_lines": 0, "num_statements": 2, "percent_covered": 0.0, "percent_covered_display": "0", "missing_lines": 2, "excluded_lines": 0}, "missing_lines": [103, 104], "excluded_lines": []}, "HabitService.create_habit_log": {"executed_lines": [], "summary": {"covered_lines": 0, "num_statements": 9, "percent_covered": 0.0, "percent_covered_display": "0", "missing_lines": 9, "excluded_lines": 0}, "missing_lines": [110, 111, 113, 114, 115, 118, 119, 121, 122], "excluded_lines": []}, "HabitService.get_habit_logs": {"executed_lines": [], "summary": {"covered_lines": 0, "num_statements": 4, "percent_covered": 0.0, "percent_covered_display": "0", "missing_lines": 4, "excluded_lines": 0}, "missing_lines": [127, 128, 129, 130], "excluded_lines": []}, "HabitService.get_habit_streak": {"executed_lines": [], "summary": {"covered_lines": 0, "num_statements": 18, "percent_covered": 0.0, "percent_covered_display": "0", "missing_lines": 18, "excluded_lines": 0}, "missing_lines": [135, 136, 138, 139, 140, 142, 143, 144, 146, 148, 149, 151, 152, 154, 155, 156, 157, 159], "excluded_lines": []}, "HabitService.delete_habit": {"executed_lines": [], "summary": {"covered_lines": 0, "num_statements": 2, "percent_covered": 0.0, "percent_covered_display": "0", "missing_lines": 2, "excluded_lines": 0}, "missing_lines": [165, 166], "excluded_lines": []}, "": {"executed_lines": [1, 2, 4, 6, 7, 8, 23, 24, 31, 32, 48, 49, 66, 67, 72, 73, 80, 81, 87, 88, 89, 100, 101, 106, 107, 124, 125, 132, 133, 161, 162], "summary": {"covered_lines": 31, "num_statements": 31, "percent_covered": 100.0, "percent_covered_display": "100", "missing_lines": 0, "excluded_lines": 0}, "missing_lines": [], "excluded_lines": []}}, "classes": {"TaskService": {"executed_lines": [10, 13, 16, 20], "summary": {"covered_lines": 4, "num_statements": 40, "percent_covered": 10.0, "percent_covered_display": "10", "missing_lines": 36, "excluded_lines": 0}, "missing_lines": [11, 17, 18, 21, 26, 27, 28, 29, 34, 36, 38, 39, 40, 42, 44, 46, 51, 52, 53, 55, 56, 57, 59, 60, 61, 62, 63, 64, 69, 70, 75, 76, 77, 78, 83, 84], "excluded_lines": []}, "HabitService": {"executed_lines": [91, 94], "summary": {"covered_lines": 2, "num_statements": 40, "percent_covered": 5.0, "percent_covered_display": "5", "missing_lines": 38, "excluded_lines": 0}, "missing_lines": [95, 97, 98, 103, 104, 110, 111, 113, 114, 115, 118, 119, 121, 122, 127, 128, 129, 130, 135, 136, 138, 139, 140, 142, 143, 144, 146, 148, 149, 151, 152, 154, 155, 156, 157, 159, 165, 166], "excluded_lines": []}, "": {"executed_lines": [1, 2, 4, 6, 7, 8, 23, 24, 31, 32, 48, 49, 66, 67, 72, 73, 80, 81, 87, 88, 89, 100, 101, 106, 107, 124, 125, 132, 133, 161, 162], "summary": {"covered_lines": 31, "num_statements": 31, "percent_covered": 100.0, "percent_covered_display": "100", "missing_lines": 0, "excluded_lines": 0}, "missing_lines": [], "excluded_lines": []}}}, "src/gui/__init__.py": {"executed_lines": [], "summary": {"covered_lines": 0, "num_statements": 0, "percent_covered": 100.0, "percent_covered_display": "100", "missing_lines": 0, "excluded_lines": 0}, "missing_lines": [], "excluded_lines": [], "functions": {"": {"executed_lines": [], "summary": {"covered_lines": 0, "num_statements": 0, "percent_covered": 100.0, "percent_covered_display": "100", "missing_lines": 0, "excluded_lines": 0}, "missing_lines": [], "excluded_lines": []}}, "classes": {"": {"executed_lines": [], "summary": {"covered_lines": 0, "num_statements": 0, "percent_covered": 100.0, "percent_covered_display": "100", "missing_lines": 0, "excluded_lines": 0}, "missing_lines": [], "excluded_lines": []}}}, "src/gui/main_window.py": {"executed_lines": [], "summary": {"covered_lines": 0, "num_statements": 36, "percent_covered": 0.0, "percent_covered_display": "0", "missing_lines": 36, "excluded_lines": 0}, "missing_lines": [1, 2, 3, 4, 6, 7, 8, 9, 11, 12, 14, 15, 16, 21, 22, 23, 25, 26, 27, 29, 30, 31, 32, 33, 34, 40, 41, 47, 48, 49, 50, 52, 55, 57, 58, 59], "excluded_lines": [], "functions": {"init_root": {"executed_lines": [], "summary": {"covered_lines": 0, "num_statements": 16, "percent_covered": 0.0, "percent_covered_display": "0", "missing_lines": 16, "excluded_lines": 0}, "missing_lines": [7, 8, 9, 11, 12, 14, 15, 16, 21, 25, 29, 40, 41, 47, 52, 55], "excluded_lines": []}, "init_root.start_move": {"executed_lines": [], "summary": {"covered_lines": 0, "num_statements": 2, "percent_covered": 0.0, "percent_covered_display": "0", "missing_lines": 2, "excluded_lines": 0}, "missing_lines": [22, 23], "excluded_lines": []}, "init_root.stop_move": {"executed_lines": [], "summary": {"covered_lines": 0, "num_statements": 2, "percent_covered": 0.0, "percent_covered_display": "0", "missing_lines": 2, "excluded_lines": 0}, "missing_lines": [26, 27], "excluded_lines": []}, "init_root.do_move": {"executed_lines": [], "summary": {"covered_lines": 0, "num_statements": 5, "percent_covered": 0.0, "percent_covered_display": "0", "missing_lines": 5, "excluded_lines": 0}, "missing_lines": [30, 31, 32, 33, 34], "excluded_lines": []}, "init_root.enable_drag_for_frame": {"executed_lines": [], "summary": {"covered_lines": 0, "num_statements": 3, "percent_covered": 0.0, "percent_covered_display": "0", "missing_lines": 3, "excluded_lines": 0}, "missing_lines": [48, 49, 50], "excluded_lines": []}, "show_root": {"executed_lines": [], "summary": {"covered_lines": 0, "num_statements": 2, "percent_covered": 0.0, "percent_covered_display": "0", "missing_lines": 2, "excluded_lines": 0}, "missing_lines": [58, 59], "excluded_lines": []}, "": {"executed_lines": [], "summary": {"covered_lines": 0, "num_statements": 6, "percent_covered": 0.0, "percent_covered_display": "0", "missing_lines": 6, "excluded_lines": 0}, "missing_lines": [1, 2, 3, 4, 6, 57], "excluded_lines": []}}, "classes": {"": {"executed_lines": [], "summary": {"covered_lines": 0, "num_statements": 36, "percent_covered": 0.0, "percent_covered_display": "0", "missing_lines": 36, "excluded_lines": 0}, "missing_lines": [1, 2, 3, 4, 6, 7, 8, 9, 11, 12, 14, 15, 16, 21, 22, 23, 25, 26, 27, 29, 30, 31, 32, 33, 34, 40, 41, 47, 48, 49, 50, 52, 55, 57, 58, 59], "excluded_lines": []}}}, "src/gui/services.py": {"executed_lines": [], "summary": {"covered_lines": 0, "num_statements": 216, "percent_covered": 0.0, "percent_covered_display": "0", "missing_lines": 216, "excluded_lines": 0}, "missing_lines": [1, 2, 3, 4, 5, 6, 7, 8, 10, 12, 14, 15, 16, 17, 18, 20, 21, 22, 24, 25, 26, 27, 29, 30, 31, 33, 35, 36, 37, 39, 41, 42, 43, 45, 46, 47, 52, 53, 54, 55, 56, 58, 59, 60, 65, 66, 67, 68, 69, 72, 73, 74, 75, 77, 78, 79, 80, 81, 84, 87, 88, 89, 90, 91, 92, 95, 96, 98, 99, 101, 102, 104, 105, 107, 110, 112, 114, 117, 119, 121, 123, 126, 128, 130, 131, 132, 133, 135, 136, 137, 139, 140, 141, 142, 143, 145, 147, 149, 150, 152, 153, 154, 155, 156, 158, 160, 161, 162, 164, 165, 166, 168, 169, 171, 172, 173, 175, 177, 178, 179, 181, 182, 183, 185, 186, 188, 189, 190, 192, 194, 195, 196, 198, 199, 200, 201, 202, 204, 205, 206, 208, 210, 211, 212, 214, 215, 216, 217, 218, 220, 221, 222, 224, 226, 227, 228, 229, 231, 232, 233, 234, 235, 237, 238, 239, 240, 241, 243, 245, 246, 247, 249, 250, 251, 253, 254, 256, 257, 258, 260, 262, 263, 264, 266, 267, 268, 270, 271, 273, 274, 275, 277, 279, 280, 281, 283, 284, 285, 287, 288, 290, 291, 292, 294, 296, 297, 298, 300, 301, 302, 304, 305, 307, 308, 309, 311], "excluded_lines": [], "functions": {"TimeServices.gettime": {"executed_lines": [], "summary": {"covered_lines": 0, "num_statements": 2, "percent_covered": 0.0, "percent_covered_display": "0", "missing_lines": 2, "excluded_lines": 0}, "missing_lines": [17, 18], "excluded_lines": []}, "TimeServices.getcalendar": {"executed_lines": [], "summary": {"covered_lines": 0, "num_statements": 13, "percent_covered": 0.0, "percent_covered_display": "0", "missing_lines": 13, "excluded_lines": 0}, "missing_lines": [22, 24, 25, 26, 27, 29, 30, 31, 33, 35, 36, 37, 39], "excluded_lines": []}, "TimeServices.create_datetime": {"executed_lines": [], "summary": {"covered_lines": 0, "num_statements": 1, "percent_covered": 0.0, "percent_covered_display": "0", "missing_lines": 1, "excluded_lines": 0}, "missing_lines": [43], "excluded_lines": []}, "TimeServices.turn_datetime_strf": {"executed_lines": [], "summary": {"covered_lines": 0, "num_statements": 6, "percent_covered": 0.0, "percent_covered_display": "0", "missing_lines": 6, "excluded_lines": 0}, "missing_lines": [47, 52, 53, 54, 55, 56], "excluded_lines": []}, "TimeServices.turn_datetime_strp": {"executed_lines": [], "summary": {"covered_lines": 0, "num_statements": 6, "percent_covered": 0.0, "percent_covered_display": "0", "missing_lines": 6, "excluded_lines": 0}, "missing_lines": [60, 65, 66, 67, 68, 69], "excluded_lines": []}, "TaskServices.gettasks": {"executed_lines": [], "summary": {"covered_lines": 0, "num_statements": 3, "percent_covered": 0.0, "percent_covered_display": "0", "missing_lines": 3, "excluded_lines": 0}, "missing_lines": [75, 77, 133], "excluded_lines": []}, "TaskServices.gettasks._fetch": {"executed_lines": [], "summary": {"covered_lines": 0, "num_statements": 19, "percent_covered": 0.0, "percent_covered_display": "0", "missing_lines": 19, "excluded_lines": 0}, "missing_lines": [78, 79, 80, 81, 84, 87, 88, 89, 90, 91, 92, 95, 110, 112, 126, 128, 130, 131, 132], "excluded_lines": []}, "TaskServices.gettasks._fetch.get_sort_key": {"executed_lines": [], "summary": {"covered_lines": 0, "num_statements": 8, "percent_covered": 0.0, "percent_covered_display": "0", "missing_lines": 8, "excluded_lines": 0}, "missing_lines": [96, 98, 99, 101, 102, 104, 105, 107], "excluded_lines": []}, "TaskServices.gettasks._fetch.collect_sorted": {"executed_lines": [], "summary": {"covered_lines": 0, "num_statements": 5, "percent_covered": 0.0, "percent_covered_display": "0", "missing_lines": 5, "excluded_lines": 0}, "missing_lines": [114, 117, 119, 121, 123], "excluded_lines": []}, "TaskServices.addtask": {"executed_lines": [], "summary": {"covered_lines": 0, "num_statements": 3, "percent_covered": 0.0, "percent_covered_display": "0", "missing_lines": 3, "excluded_lines": 0}, "missing_lines": [137, 139, 158], "excluded_lines": []}, "TaskServices.addtask._fetch": {"executed_lines": [], "summary": {"covered_lines": 0, "num_statements": 13, "percent_covered": 0.0, "percent_covered_display": "0", "missing_lines": 13, "excluded_lines": 0}, "missing_lines": [140, 141, 142, 143, 145, 147, 149, 150, 152, 153, 154, 155, 156], "excluded_lines": []}, "TaskServices.deltask": {"executed_lines": [], "summary": {"covered_lines": 0, "num_statements": 3, "percent_covered": 0.0, "percent_covered_display": "0", "missing_lines": 3, "excluded_lines": 0}, "missing_lines": [162, 164, 175], "excluded_lines": []}, "TaskServices.deltask._fetch": {"executed_lines": [], "summary": {"covered_lines": 0, "num_statements": 7, "percent_covered": 0.0, "percent_covered_display": "0", "missing_lines": 7, "excluded_lines": 0}, "missing_lines": [165, 166, 168, 169, 171, 172, 173], "excluded_lines": []}, "TaskServices.updatetask": {"executed_lines": [], "summary": {"covered_lines": 0, "num_statements": 3, "percent_covered": 0.0, "percent_covered_display": "0", "missing_lines": 3, "excluded_lines": 0}, "missing_lines": [179, 181, 192], "excluded_lines": []}, "TaskServices.updatetask._fetch": {"executed_lines": [], "summary": {"covered_lines": 0, "num_statements": 7, "percent_covered": 0.0, "percent_covered_display": "0", "missing_lines": 7, "excluded_lines": 0}, "missing_lines": [182, 183, 185, 186, 188, 189, 190], "excluded_lines": []}, "TaskServices.gettask": {"executed_lines": [], "summary": {"covered_lines": 0, "num_statements": 3, "percent_covered": 0.0, "percent_covered_display": "0", "missing_lines": 3, "excluded_lines": 0}, "missing_lines": [196, 198, 208], "excluded_lines": []}, "TaskServices.gettask._fetch": {"executed_lines": [], "summary": {"covered_lines": 0, "num_statements": 7, "percent_covered": 0.0, "percent_covered_display": "0", "missing_lines": 7, "excluded_lines": 0}, "missing_lines": [199, 200, 201, 202, 204, 205, 206], "excluded_lines": []}, "TaskServices.getchildren": {"executed_lines": [], "summary": {"covered_lines": 0, "num_statements": 3, "percent_covered": 0.0, "percent_covered_display": "0", "missing_lines": 3, "excluded_lines": 0}, "missing_lines": [212, 214, 224], "excluded_lines": []}, "TaskServices.getchildren._fetch": {"executed_lines": [], "summary": {"covered_lines": 0, "num_statements": 7, "percent_covered": 0.0, "percent_covered_display": "0", "missing_lines": 7, "excluded_lines": 0}, "missing_lines": [215, 216, 217, 218, 220, 221, 222], "excluded_lines": []}, "HabitServices.create_habit": {"executed_lines": [], "summary": {"covered_lines": 0, "num_statements": 3, "percent_covered": 0.0, "percent_covered_display": "0", "missing_lines": 3, "excluded_lines": 0}, "missing_lines": [229, 231, 243], "excluded_lines": []}, "HabitServices.create_habit._fetch": {"executed_lines": [], "summary": {"covered_lines": 0, "num_statements": 9, "percent_covered": 0.0, "percent_covered_display": "0", "missing_lines": 9, "excluded_lines": 0}, "missing_lines": [232, 233, 234, 235, 237, 238, 239, 240, 241], "excluded_lines": []}, "HabitServices.clockin_habit": {"executed_lines": [], "summary": {"covered_lines": 0, "num_statements": 3, "percent_covered": 0.0, "percent_covered_display": "0", "missing_lines": 3, "excluded_lines": 0}, "missing_lines": [247, 249, 260], "excluded_lines": []}, "HabitServices.clockin_habit._fetch": {"executed_lines": [], "summary": {"covered_lines": 0, "num_statements": 7, "percent_covered": 0.0, "percent_covered_display": "0", "missing_lines": 7, "excluded_lines": 0}, "missing_lines": [250, 251, 253, 254, 256, 257, 258], "excluded_lines": []}, "HabitServices.delete_habit": {"executed_lines": [], "summary": {"covered_lines": 0, "num_statements": 3, "percent_covered": 0.0, "percent_covered_display": "0", "missing_lines": 3, "excluded_lines": 0}, "missing_lines": [264, 266, 277], "excluded_lines": []}, "HabitServices.delete_habit._fetch": {"executed_lines": [], "summary": {"covered_lines": 0, "num_statements": 7, "percent_covered": 0.0, "percent_covered_display": "0", "missing_lines": 7, "excluded_lines": 0}, "missing_lines": [267, 268, 270, 271, 273, 274, 275], "excluded_lines": []}, "HabitServices.get_habits": {"executed_lines": [], "summary": {"covered_lines": 0, "num_statements": 3, "percent_covered": 0.0, "percent_covered_display": "0", "missing_lines": 3, "excluded_lines": 0}, "missing_lines": [281, 283, 294], "excluded_lines": []}, "HabitServices.get_habits._fetch": {"executed_lines": [], "summary": {"covered_lines": 0, "num_statements": 7, "percent_covered": 0.0, "percent_covered_display": "0", "missing_lines": 7, "excluded_lines": 0}, "missing_lines": [284, 285, 287, 288, 290, 291, 292], "excluded_lines": []}, "HabitServices.get_consecutive_clockin_days": {"executed_lines": [], "summary": {"covered_lines": 0, "num_statements": 3, "percent_covered": 0.0, "percent_covered_display": "0", "missing_lines": 3, "excluded_lines": 0}, "missing_lines": [298, 300, 311], "excluded_lines": []}, "HabitServices.get_consecutive_clockin_days._fetch": {"executed_lines": [], "summary": {"covered_lines": 0, "num_statements": 7, "percent_covered": 0.0, "percent_covered_display": "0", "missing_lines": 7, "excluded_lines": 0}, "missing_lines": [301, 302, 304, 305, 307, 308, 309], "excluded_lines": []}, "": {"executed_lines": [], "summary": {"covered_lines": 0, "num_statements": 45, "percent_covered": 0.0, "percent_covered_display": "0", "missing_lines": 45, "excluded_lines": 0}, "missing_lines": [1, 2, 3, 4, 5, 6, 7, 8, 10, 12, 14, 15, 16, 20, 21, 41, 42, 45, 46, 58, 59, 72, 73, 74, 135, 136, 160, 161, 177, 178, 194, 195, 210, 211, 226, 227, 228, 245, 246, 262, 263, 279, 280, 296, 297], "excluded_lines": []}}, "classes": {"TimeServices": {"executed_lines": [], "summary": {"covered_lines": 0, "num_statements": 28, "percent_covered": 0.0, "percent_covered_display": "0", "missing_lines": 28, "excluded_lines": 0}, "missing_lines": [17, 18, 22, 24, 25, 26, 27, 29, 30, 31, 33, 35, 36, 37, 39, 43, 47, 52, 53, 54, 55, 56, 60, 65, 66, 67, 68, 69], "excluded_lines": []}, "TaskServices": {"executed_lines": [], "summary": {"covered_lines": 0, "num_statements": 91, "percent_covered": 0.0, "percent_covered_display": "0", "missing_lines": 91, "excluded_lines": 0}, "missing_lines": [75, 77, 78, 79, 80, 81, 84, 87, 88, 89, 90, 91, 92, 95, 96, 98, 99, 101, 102, 104, 105, 107, 110, 112, 114, 117, 119, 121, 123, 126, 128, 130, 131, 132, 133, 137, 139, 140, 141, 142, 143, 145, 147, 149, 150, 152, 153, 154, 155, 156, 158, 162, 164, 165, 166, 168, 169, 171, 172, 173, 175, 179, 181, 182, 183, 185, 186, 188, 189, 190, 192, 196, 198, 199, 200, 201, 202, 204, 205, 206, 208, 212, 214, 215, 216, 217, 218, 220, 221, 222, 224], "excluded_lines": []}, "HabitServices": {"executed_lines": [], "summary": {"covered_lines": 0, "num_statements": 52, "percent_covered": 0.0, "percent_covered_display": "0", "missing_lines": 52, "excluded_lines": 0}, "missing_lines": [229, 231, 232, 233, 234, 235, 237, 238, 239, 240, 241, 243, 247, 249, 250, 251, 253, 254, 256, 257, 258, 260, 264, 266, 267, 268, 270, 271, 273, 274, 275, 277, 281, 283, 284, 285, 287, 288, 290, 291, 292, 294, 298, 300, 301, 302, 304, 305, 307, 308, 309, 311], "excluded_lines": []}, "": {"executed_lines": [], "summary": {"covered_lines": 0, "num_statements": 45, "percent_covered": 0.0, "percent_covered_display": "0", "missing_lines": 45, "excluded_lines": 0}, "missing_lines": [1, 2, 3, 4, 5, 6, 7, 8, 10, 12, 14, 15, 16, 20, 21, 41, 42, 45, 46, 58, 59, 72, 73, 74, 135, 136, 160, 161, 177, 178, 194, 195, 210, 211, 226, 227, 228, 245, 246, 262, 263, 279, 280, 296, 297], "excluded_lines": []}}}, "src/gui/utils.py": {"executed_lines": [], "summary": {"covered_lines": 0, "num_statements": 5, "percent_covered": 0.0, "percent_covered_display": "0", "missing_lines": 5, "excluded_lines": 0}, "missing_lines": [3, 4, 5, 6, 7], "excluded_lines": [], "functions": {"clear_frame": {"executed_lines": [], "summary": {"covered_lines": 0, "num_statements": 4, "percent_covered": 0.0, "percent_covered_display": "0", "missing_lines": 4, "excluded_lines": 0}, "missing_lines": [4, 5, 6, 7], "excluded_lines": []}, "": {"executed_lines": [], "summary": {"covered_lines": 0, "num_statements": 1, "percent_covered": 0.0, "percent_covered_display": "0", "missing_lines": 1, "excluded_lines": 0}, "missing_lines": [3], "excluded_lines": []}}, "classes": {"": {"executed_lines": [], "summary": {"covered_lines": 0, "num_statements": 5, "percent_covered": 0.0, "percent_covered_display": "0", "missing_lines": 5, "excluded_lines": 0}, "missing_lines": [3, 4, 5, 6, 7], "excluded_lines": []}}}, "src/gui/views/__init__.py": {"executed_lines": [], "summary": {"covered_lines": 0, "num_statements": 0, "percent_covered": 100.0, "percent_covered_display": "100", "missing_lines": 0, "excluded_lines": 0}, "missing_lines": [], "excluded_lines": [], "functions": {"": {"executed_lines": [], "summary": {"covered_lines": 0, "num_statements": 0, "percent_covered": 100.0, "percent_covered_display": "100", "missing_lines": 0, "excluded_lines": 0}, "missing_lines": [], "excluded_lines": []}}, "classes": {"": {"executed_lines": [], "summary": {"covered_lines": 0, "num_statements": 0, "percent_covered": 100.0, "percent_covered_display": "100", "missing_lines": 0, "excluded_lines": 0}, "missing_lines": [], "excluded_lines": []}}}, "src/gui/views/calendar.py": {"executed_lines": [], "summary": {"covered_lines": 0, "num_statements": 146, "percent_covered": 0.0, "percent_covered_display": "0", "missing_lines": 146, "excluded_lines": 0}, "missing_lines": [1, 2, 3, 4, 5, 9, 10, 11, 13, 15, 16, 23, 25, 26, 30, 31, 32, 33, 35, 36, 38, 39, 40, 42, 44, 45, 47, 48, 49, 51, 52, 53, 54, 56, 57, 58, 60, 61, 63, 64, 65, 67, 68, 70, 71, 73, 74, 77, 78, 79, 80, 82, 83, 84, 86, 87, 89, 91, 94, 95, 96, 97, 99, 100, 101, 102, 103, 104, 105, 107, 109, 111, 112, 113, 115, 116, 117, 118, 119, 121, 122, 123, 124, 125, 126, 127, 128, 130, 131, 132, 134, 135, 136, 138, 139, 141, 142, 144, 145, 147, 149, 150, 151, 153, 154, 155, 157, 158, 159, 160, 161, 162, 164, 165, 166, 167, 168, 170, 171, 172, 173, 175, 176, 177, 178, 180, 181, 182, 183, 185, 186, 187, 188, 190, 191, 193, 195, 196, 198, 199, 200, 202, 203, 205, 206, 208], "excluded_lines": [], "functions": {"Calendar": {"executed_lines": [], "summary": {"covered_lines": 0, "num_statements": 50, "percent_covered": 0.0, "percent_covered_display": "0", "missing_lines": 50, "excluded_lines": 0}, "missing_lines": [10, 11, 13, 15, 16, 23, 25, 26, 30, 31, 32, 33, 35, 36, 38, 39, 40, 42, 44, 47, 111, 115, 121, 138, 147, 151, 155, 162, 170, 171, 172, 173, 175, 176, 177, 178, 180, 181, 182, 183, 185, 186, 187, 188, 190, 191, 193, 205, 206, 208], "excluded_lines": []}, "Calendar.clear_cavans": {"executed_lines": [], "summary": {"covered_lines": 0, "num_statements": 1, "percent_covered": 0.0, "percent_covered_display": "0", "missing_lines": 1, "excluded_lines": 0}, "missing_lines": [45], "excluded_lines": []}, "Calendar.draw_cavans": {"executed_lines": [], "summary": {"covered_lines": 0, "num_statements": 22, "percent_covered": 0.0, "percent_covered_display": "0", "missing_lines": 22, "excluded_lines": 0}, "missing_lines": [48, 49, 51, 52, 53, 54, 56, 57, 58, 60, 61, 63, 67, 68, 70, 71, 73, 74, 77, 91, 94, 109], "excluded_lines": []}, "Calendar.draw_cavans.configure_scrollregion": {"executed_lines": [], "summary": {"covered_lines": 0, "num_statements": 2, "percent_covered": 0.0, "percent_covered_display": "0", "missing_lines": 2, "excluded_lines": 0}, "missing_lines": [64, 65], "excluded_lines": []}, "Calendar.draw_cavans.gettasks": {"executed_lines": [], "summary": {"covered_lines": 0, "num_statements": 9, "percent_covered": 0.0, "percent_covered_display": "0", "missing_lines": 9, "excluded_lines": 0}, "missing_lines": [78, 79, 80, 82, 83, 84, 86, 87, 89], "excluded_lines": []}, "Calendar.draw_cavans.get_habits": {"executed_lines": [], "summary": {"covered_lines": 0, "num_statements": 11, "percent_covered": 0.0, "percent_covered_display": "0", "missing_lines": 11, "excluded_lines": 0}, "missing_lines": [95, 96, 97, 99, 100, 101, 102, 103, 104, 105, 107], "excluded_lines": []}, "Calendar.update_cavans": {"executed_lines": [], "summary": {"covered_lines": 0, "num_statements": 2, "percent_covered": 0.0, "percent_covered_display": "0", "missing_lines": 2, "excluded_lines": 0}, "missing_lines": [112, 113], "excluded_lines": []}, "Calendar.clear_calendar": {"executed_lines": [], "summary": {"covered_lines": 0, "num_statements": 4, "percent_covered": 0.0, "percent_covered_display": "0", "missing_lines": 4, "excluded_lines": 0}, "missing_lines": [116, 117, 118, 119], "excluded_lines": []}, "Calendar.draw_calendar": {"executed_lines": [], "summary": {"covered_lines": 0, "num_statements": 8, "percent_covered": 0.0, "percent_covered_display": "0", "missing_lines": 8, "excluded_lines": 0}, "missing_lines": [122, 123, 124, 125, 126, 127, 135, 136], "excluded_lines": []}, "Calendar.draw_calendar.game": {"executed_lines": [], "summary": {"covered_lines": 0, "num_statements": 5, "percent_covered": 0.0, "percent_covered_display": "0", "missing_lines": 5, "excluded_lines": 0}, "missing_lines": [128, 130, 131, 132, 134], "excluded_lines": []}, "Calendar.update_calendar": {"executed_lines": [], "summary": {"covered_lines": 0, "num_statements": 5, "percent_covered": 0.0, "percent_covered_display": "0", "missing_lines": 5, "excluded_lines": 0}, "missing_lines": [139, 141, 142, 144, 145], "excluded_lines": []}, "Calendar.yl_game": {"executed_lines": [], "summary": {"covered_lines": 0, "num_statements": 2, "percent_covered": 0.0, "percent_covered_display": "0", "missing_lines": 2, "excluded_lines": 0}, "missing_lines": [149, 150], "excluded_lines": []}, "Calendar.yr_game": {"executed_lines": [], "summary": {"covered_lines": 0, "num_statements": 2, "percent_covered": 0.0, "percent_covered_display": "0", "missing_lines": 2, "excluded_lines": 0}, "missing_lines": [153, 154], "excluded_lines": []}, "Calendar.ml_game": {"executed_lines": [], "summary": {"covered_lines": 0, "num_statements": 5, "percent_covered": 0.0, "percent_covered_display": "0", "missing_lines": 5, "excluded_lines": 0}, "missing_lines": [157, 158, 159, 160, 161], "excluded_lines": []}, "Calendar.mr_game": {"executed_lines": [], "summary": {"covered_lines": 0, "num_statements": 5, "percent_covered": 0.0, "percent_covered_display": "0", "missing_lines": 5, "excluded_lines": 0}, "missing_lines": [164, 165, 166, 167, 168], "excluded_lines": []}, "Calendar.back_to_today": {"executed_lines": [], "summary": {"covered_lines": 0, "num_statements": 7, "percent_covered": 0.0, "percent_covered_display": "0", "missing_lines": 7, "excluded_lines": 0}, "missing_lines": [195, 196, 198, 199, 200, 202, 203], "excluded_lines": []}, "": {"executed_lines": [], "summary": {"covered_lines": 0, "num_statements": 6, "percent_covered": 0.0, "percent_covered_display": "0", "missing_lines": 6, "excluded_lines": 0}, "missing_lines": [1, 2, 3, 4, 5, 9], "excluded_lines": []}}, "classes": {"": {"executed_lines": [], "summary": {"covered_lines": 0, "num_statements": 146, "percent_covered": 0.0, "percent_covered_display": "0", "missing_lines": 146, "excluded_lines": 0}, "missing_lines": [1, 2, 3, 4, 5, 9, 10, 11, 13, 15, 16, 23, 25, 26, 30, 31, 32, 33, 35, 36, 38, 39, 40, 42, 44, 45, 47, 48, 49, 51, 52, 53, 54, 56, 57, 58, 60, 61, 63, 64, 65, 67, 68, 70, 71, 73, 74, 77, 78, 79, 80, 82, 83, 84, 86, 87, 89, 91, 94, 95, 96, 97, 99, 100, 101, 102, 103, 104, 105, 107, 109, 111, 112, 113, 115, 116, 117, 118, 119, 121, 122, 123, 124, 125, 126, 127, 128, 130, 131, 132, 134, 135, 136, 138, 139, 141, 142, 144, 145, 147, 149, 150, 151, 153, 154, 155, 157, 158, 159, 160, 161, 162, 164, 165, 166, 167, 168, 170, 171, 172, 173, 175, 176, 177, 178, 180, 181, 182, 183, 185, 186, 187, 188, 190, 191, 193, 195, 196, 198, 199, 200, 202, 203, 205, 206, 208], "excluded_lines": []}}}, "src/gui/views/habitclockin.py": {"executed_lines": [], "summary": {"covered_lines": 0, "num_statements": 99, "percent_covered": 0.0, "percent_covered_display": "0", "missing_lines": 99, "excluded_lines": 0}, "missing_lines": [1, 2, 3, 4, 5, 9, 10, 11, 13, 14, 15, 16, 18, 20, 21, 29, 30, 32, 33, 35, 36, 38, 39, 40, 41, 43, 44, 45, 46, 47, 48, 49, 51, 55, 56, 58, 59, 60, 61, 63, 64, 65, 66, 68, 69, 70, 72, 73, 75, 76, 77, 79, 80, 82, 84, 85, 87, 88, 89, 90, 92, 93, 94, 95, 96, 98, 99, 100, 101, 103, 104, 106, 107, 108, 109, 110, 112, 114, 116, 117, 118, 119, 121, 122, 123, 124, 125, 127, 128, 130, 131, 132, 133, 134, 136, 137, 138, 140, 142], "excluded_lines": [], "functions": {"Habitclockin": {"executed_lines": [], "summary": {"covered_lines": 0, "num_statements": 41, "percent_covered": 0.0, "percent_covered_display": "0", "missing_lines": 41, "excluded_lines": 0}, "missing_lines": [10, 11, 13, 14, 15, 16, 18, 20, 21, 29, 30, 32, 33, 35, 36, 38, 39, 40, 41, 43, 55, 56, 58, 59, 60, 61, 63, 64, 65, 66, 68, 69, 70, 72, 73, 75, 79, 80, 82, 84, 142], "excluded_lines": []}, "Habitclockin.create_habit": {"executed_lines": [], "summary": {"covered_lines": 0, "num_statements": 3, "percent_covered": 0.0, "percent_covered_display": "0", "missing_lines": 3, "excluded_lines": 0}, "missing_lines": [44, 45, 51], "excluded_lines": []}, "Habitclockin.create_habit.create": {"executed_lines": [], "summary": {"covered_lines": 0, "num_statements": 4, "percent_covered": 0.0, "percent_covered_display": "0", "missing_lines": 4, "excluded_lines": 0}, "missing_lines": [46, 47, 48, 49], "excluded_lines": []}, "Habitclockin.configure_scrollregion": {"executed_lines": [], "summary": {"covered_lines": 0, "num_statements": 2, "percent_covered": 0.0, "percent_covered_display": "0", "missing_lines": 2, "excluded_lines": 0}, "missing_lines": [76, 77], "excluded_lines": []}, "Habitclockin.update_habits": {"executed_lines": [], "summary": {"covered_lines": 0, "num_statements": 3, "percent_covered": 0.0, "percent_covered_display": "0", "missing_lines": 3, "excluded_lines": 0}, "missing_lines": [85, 87, 140], "excluded_lines": []}, "Habitclockin.update_habits.get_habits": {"executed_lines": [], "summary": {"covered_lines": 0, "num_statements": 25, "percent_covered": 0.0, "percent_covered_display": "0", "missing_lines": 25, "excluded_lines": 0}, "missing_lines": [88, 89, 90, 92, 93, 94, 95, 96, 98, 99, 100, 101, 103, 104, 106, 114, 116, 117, 118, 119, 121, 127, 130, 136, 138], "excluded_lines": []}, "Habitclockin.update_habits.get_habits.get_consecutive_clockin_days": {"executed_lines": [], "summary": {"covered_lines": 0, "num_statements": 5, "percent_covered": 0.0, "percent_covered_display": "0", "missing_lines": 5, "excluded_lines": 0}, "missing_lines": [107, 108, 109, 110, 112], "excluded_lines": []}, "Habitclockin.update_habits.get_habits.delete_habit": {"executed_lines": [], "summary": {"covered_lines": 0, "num_statements": 4, "percent_covered": 0.0, "percent_covered_display": "0", "missing_lines": 4, "excluded_lines": 0}, "missing_lines": [122, 123, 124, 125], "excluded_lines": []}, "Habitclockin.update_habits.get_habits.delhabit": {"executed_lines": [], "summary": {"covered_lines": 0, "num_statements": 1, "percent_covered": 0.0, "percent_covered_display": "0", "missing_lines": 1, "excluded_lines": 0}, "missing_lines": [128], "excluded_lines": []}, "Habitclockin.update_habits.get_habits.clockin_habit": {"executed_lines": [], "summary": {"covered_lines": 0, "num_statements": 4, "percent_covered": 0.0, "percent_covered_display": "0", "missing_lines": 4, "excluded_lines": 0}, "missing_lines": [131, 132, 133, 134], "excluded_lines": []}, "Habitclockin.update_habits.get_habits.clohabit": {"executed_lines": [], "summary": {"covered_lines": 0, "num_statements": 1, "percent_covered": 0.0, "percent_covered_display": "0", "missing_lines": 1, "excluded_lines": 0}, "missing_lines": [137], "excluded_lines": []}, "": {"executed_lines": [], "summary": {"covered_lines": 0, "num_statements": 6, "percent_covered": 0.0, "percent_covered_display": "0", "missing_lines": 6, "excluded_lines": 0}, "missing_lines": [1, 2, 3, 4, 5, 9], "excluded_lines": []}}, "classes": {"": {"executed_lines": [], "summary": {"covered_lines": 0, "num_statements": 99, "percent_covered": 0.0, "percent_covered_display": "0", "missing_lines": 99, "excluded_lines": 0}, "missing_lines": [1, 2, 3, 4, 5, 9, 10, 11, 13, 14, 15, 16, 18, 20, 21, 29, 30, 32, 33, 35, 36, 38, 39, 40, 41, 43, 44, 45, 46, 47, 48, 49, 51, 55, 56, 58, 59, 60, 61, 63, 64, 65, 66, 68, 69, 70, 72, 73, 75, 76, 77, 79, 80, 82, 84, 85, 87, 88, 89, 90, 92, 93, 94, 95, 96, 98, 99, 100, 101, 103, 104, 106, 107, 108, 109, 110, 112, 114, 116, 117, 118, 119, 121, 122, 123, 124, 125, 127, 128, 130, 131, 132, 133, 134, 136, 137, 138, 140, 142], "excluded_lines": []}}}, "src/gui/views/home.py": {"executed_lines": [], "summary": {"covered_lines": 0, "num_statements": 313, "percent_covered": 0.0, "percent_covered_display": "0", "missing_lines": 313, "excluded_lines": 0}, "missing_lines": [1, 2, 3, 4, 5, 6, 11, 12, 13, 15, 16, 17, 19, 20, 30, 52, 53, 54, 59, 60, 62, 63, 65, 67, 68, 69, 71, 76, 78, 79, 86, 87, 88, 90, 91, 93, 94, 96, 104, 106, 107, 108, 109, 111, 112, 114, 120, 121, 122, 125, 134, 135, 136, 137, 138, 140, 141, 142, 143, 144, 145, 147, 148, 149, 151, 153, 155, 156, 157, 158, 160, 161, 162, 164, 165, 166, 167, 169, 171, 173, 174, 175, 176, 178, 180, 181, 182, 183, 184, 185, 187, 189, 190, 191, 192, 194, 196, 197, 198, 200, 203, 206, 207, 208, 209, 212, 214, 215, 216, 218, 219, 220, 222, 223, 224, 226, 228, 230, 231, 232, 234, 235, 236, 237, 239, 240, 241, 242, 244, 246, 249, 250, 252, 254, 255, 256, 257, 259, 260, 261, 262, 263, 265, 266, 267, 268, 270, 271, 272, 273, 275, 276, 278, 280, 282, 284, 285, 286, 288, 289, 290, 292, 293, 294, 295, 297, 298, 299, 300, 302, 303, 305, 306, 307, 310, 311, 313, 314, 315, 316, 317, 319, 320, 322, 330, 331, 333, 334, 335, 336, 337, 339, 347, 348, 350, 351, 353, 354, 356, 364, 366, 367, 368, 369, 370, 372, 373, 376, 377, 379, 380, 382, 388, 389, 391, 392, 393, 395, 396, 398, 399, 401, 403, 404, 405, 407, 409, 410, 412, 413, 415, 417, 425, 426, 428, 429, 430, 431, 432, 433, 435, 436, 437, 438, 439, 441, 442, 443, 444, 445, 447, 455, 456, 458, 459, 461, 462, 463, 464, 466, 467, 468, 469, 470, 471, 472, 473, 474, 475, 476, 477, 480, 481, 483, 484, 485, 487, 488, 489, 490, 492, 494, 495, 503, 505, 506, 508, 509, 512, 513, 515, 516, 517, 518, 519, 521, 522, 524, 525, 526, 527, 528, 530, 531, 533, 534, 535, 536, 538, 539, 540, 542, 543], "excluded_lines": [], "functions": {"Home": {"executed_lines": [], "summary": {"covered_lines": 0, "num_statements": 56, "percent_covered": 0.0, "percent_covered_display": "0", "missing_lines": 56, "excluded_lines": 0}, "missing_lines": [12, 13, 15, 16, 17, 19, 20, 30, 52, 53, 54, 59, 60, 62, 63, 65, 67, 71, 76, 78, 79, 86, 87, 88, 90, 91, 93, 94, 96, 104, 106, 107, 108, 109, 111, 112, 114, 120, 121, 122, 125, 134, 171, 173, 187, 189, 196, 234, 249, 284, 288, 388, 512, 513, 542, 543], "excluded_lines": []}, "Home.select": {"executed_lines": [], "summary": {"covered_lines": 0, "num_statements": 2, "percent_covered": 0.0, "percent_covered_display": "0", "missing_lines": 2, "excluded_lines": 0}, "missing_lines": [68, 69], "excluded_lines": []}, "Home.update_treeview": {"executed_lines": [], "summary": {"covered_lines": 0, "num_statements": 2, "percent_covered": 0.0, "percent_covered_display": "0", "missing_lines": 2, "excluded_lines": 0}, "missing_lines": [135, 169], "excluded_lines": []}, "Home.update_treeview.gettasks": {"executed_lines": [], "summary": {"covered_lines": 0, "num_statements": 20, "percent_covered": 0.0, "percent_covered_display": "0", "missing_lines": 20, "excluded_lines": 0}, "missing_lines": [136, 137, 138, 140, 147, 148, 149, 151, 153, 155, 156, 157, 158, 160, 161, 162, 164, 165, 166, 167], "excluded_lines": []}, "Home.update_treeview.gettasks.collect_expanded": {"executed_lines": [], "summary": {"covered_lines": 0, "num_statements": 5, "percent_covered": 0.0, "percent_covered_display": "0", "missing_lines": 5, "excluded_lines": 0}, "missing_lines": [141, 142, 143, 144, 145], "excluded_lines": []}, "Home.show_context_menu": {"executed_lines": [], "summary": {"covered_lines": 0, "num_statements": 10, "percent_covered": 0.0, "percent_covered_display": "0", "missing_lines": 10, "excluded_lines": 0}, "missing_lines": [174, 175, 176, 178, 180, 181, 182, 183, 184, 185], "excluded_lines": []}, "Home.updatetask": {"executed_lines": [], "summary": {"covered_lines": 0, "num_statements": 4, "percent_covered": 0.0, "percent_covered_display": "0", "missing_lines": 4, "excluded_lines": 0}, "missing_lines": [190, 191, 192, 194], "excluded_lines": []}, "Home.rename_item": {"executed_lines": [], "summary": {"covered_lines": 0, "num_statements": 14, "percent_covered": 0.0, "percent_covered_display": "0", "missing_lines": 14, "excluded_lines": 0}, "missing_lines": [197, 198, 200, 203, 206, 207, 208, 209, 212, 214, 215, 216, 218, 230], "excluded_lines": []}, "Home.rename_item.save_rename": {"executed_lines": [], "summary": {"covered_lines": 0, "num_statements": 7, "percent_covered": 0.0, "percent_covered_display": "0", "missing_lines": 7, "excluded_lines": 0}, "missing_lines": [219, 220, 222, 223, 224, 226, 228], "excluded_lines": []}, "Home.rename_item.cancel_rename": {"executed_lines": [], "summary": {"covered_lines": 0, "num_statements": 2, "percent_covered": 0.0, "percent_covered_display": "0", "missing_lines": 2, "excluded_lines": 0}, "missing_lines": [231, 232], "excluded_lines": []}, "Home.delete_item": {"executed_lines": [], "summary": {"covered_lines": 0, "num_statements": 5, "percent_covered": 0.0, "percent_covered_display": "0", "missing_lines": 5, "excluded_lines": 0}, "missing_lines": [235, 236, 237, 239, 246], "excluded_lines": []}, "Home.delete_item.deltask": {"executed_lines": [], "summary": {"covered_lines": 0, "num_statements": 4, "percent_covered": 0.0, "percent_covered_display": "0", "missing_lines": 4, "excluded_lines": 0}, "missing_lines": [240, 241, 242, 244], "excluded_lines": []}, "Home.done_item": {"executed_lines": [], "summary": {"covered_lines": 0, "num_statements": 4, "percent_covered": 0.0, "percent_covered_display": "0", "missing_lines": 4, "excluded_lines": 0}, "missing_lines": [250, 252, 254, 282], "excluded_lines": []}, "Home.done_item.gettask": {"executed_lines": [], "summary": {"covered_lines": 0, "num_statements": 6, "percent_covered": 0.0, "percent_covered_display": "0", "missing_lines": 6, "excluded_lines": 0}, "missing_lines": [255, 256, 257, 259, 260, 280], "excluded_lines": []}, "Home.done_item.gettask.getparent": {"executed_lines": [], "summary": {"covered_lines": 0, "num_statements": 5, "percent_covered": 0.0, "percent_covered_display": "0", "missing_lines": 5, "excluded_lines": 0}, "missing_lines": [261, 262, 263, 265, 278], "excluded_lines": []}, "Home.done_item.gettask.getparent.getchildren": {"executed_lines": [], "summary": {"covered_lines": 0, "num_statements": 9, "percent_covered": 0.0, "percent_covered_display": "0", "missing_lines": 9, "excluded_lines": 0}, "missing_lines": [266, 267, 268, 270, 271, 272, 273, 275, 276], "excluded_lines": []}, "Home.newchild_item": {"executed_lines": [], "summary": {"covered_lines": 0, "num_statements": 2, "percent_covered": 0.0, "percent_covered_display": "0", "missing_lines": 2, "excluded_lines": 0}, "missing_lines": [285, 286], "excluded_lines": []}, "Home.edit_due_date": {"executed_lines": [], "summary": {"covered_lines": 0, "num_statements": 8, "percent_covered": 0.0, "percent_covered_display": "0", "missing_lines": 8, "excluded_lines": 0}, "missing_lines": [289, 290, 292, 293, 294, 295, 297, 382], "excluded_lines": []}, "Home.edit_due_date.gettask": {"executed_lines": [], "summary": {"covered_lines": 0, "num_statements": 36, "percent_covered": 0.0, "percent_covered_display": "0", "missing_lines": 36, "excluded_lines": 0}, "missing_lines": [298, 299, 300, 302, 303, 305, 306, 307, 310, 311, 313, 314, 315, 316, 317, 319, 320, 322, 330, 331, 333, 334, 335, 336, 337, 339, 347, 348, 350, 351, 353, 372, 376, 377, 379, 380], "excluded_lines": []}, "Home.edit_due_date.gettask.save": {"executed_lines": [], "summary": {"covered_lines": 0, "num_statements": 8, "percent_covered": 0.0, "percent_covered_display": "0", "missing_lines": 8, "excluded_lines": 0}, "missing_lines": [354, 356, 364, 366, 367, 368, 369, 370], "excluded_lines": []}, "Home.edit_due_date.gettask.cancel": {"executed_lines": [], "summary": {"covered_lines": 0, "num_statements": 1, "percent_covered": 0.0, "percent_covered_display": "0", "missing_lines": 1, "excluded_lines": 0}, "missing_lines": [373], "excluded_lines": []}, "Home.add": {"executed_lines": [], "summary": {"covered_lines": 0, "num_statements": 66, "percent_covered": 0.0, "percent_covered_display": "0", "missing_lines": 66, "excluded_lines": 0}, "missing_lines": [389, 391, 392, 393, 395, 396, 398, 399, 401, 403, 404, 405, 407, 409, 410, 412, 413, 415, 417, 425, 426, 428, 429, 430, 431, 432, 433, 435, 436, 437, 438, 439, 441, 442, 443, 444, 445, 447, 455, 456, 458, 459, 461, 462, 463, 464, 466, 467, 468, 469, 470, 471, 472, 473, 474, 475, 476, 477, 480, 483, 487, 494, 505, 506, 508, 509], "excluded_lines": []}, "Home.add.close": {"executed_lines": [], "summary": {"covered_lines": 0, "num_statements": 1, "percent_covered": 0.0, "percent_covered_display": "0", "missing_lines": 1, "excluded_lines": 0}, "missing_lines": [481], "excluded_lines": []}, "Home.add.cancel": {"executed_lines": [], "summary": {"covered_lines": 0, "num_statements": 2, "percent_covered": 0.0, "percent_covered_display": "0", "missing_lines": 2, "excluded_lines": 0}, "missing_lines": [484, 485], "excluded_lines": []}, "Home.add.addtask": {"executed_lines": [], "summary": {"covered_lines": 0, "num_statements": 4, "percent_covered": 0.0, "percent_covered_display": "0", "missing_lines": 4, "excluded_lines": 0}, "missing_lines": [488, 489, 490, 492], "excluded_lines": []}, "Home.add.submit": {"executed_lines": [], "summary": {"covered_lines": 0, "num_statements": 2, "percent_covered": 0.0, "percent_covered_display": "0", "missing_lines": 2, "excluded_lines": 0}, "missing_lines": [495, 503], "excluded_lines": []}, "Home.exp_col": {"executed_lines": [], "summary": {"covered_lines": 0, "num_statements": 9, "percent_covered": 0.0, "percent_covered_display": "0", "missing_lines": 9, "excluded_lines": 0}, "missing_lines": [515, 524, 533, 534, 535, 536, 538, 539, 540], "excluded_lines": []}, "Home.exp_col.expand_all": {"executed_lines": [], "summary": {"covered_lines": 0, "num_statements": 3, "percent_covered": 0.0, "percent_covered_display": "0", "missing_lines": 3, "excluded_lines": 0}, "missing_lines": [516, 521, 522], "excluded_lines": []}, "Home.exp_col.expand_all.expand": {"executed_lines": [], "summary": {"covered_lines": 0, "num_statements": 3, "percent_covered": 0.0, "percent_covered_display": "0", "missing_lines": 3, "excluded_lines": 0}, "missing_lines": [517, 518, 519], "excluded_lines": []}, "Home.exp_col.collapse_all": {"executed_lines": [], "summary": {"covered_lines": 0, "num_statements": 3, "percent_covered": 0.0, "percent_covered_display": "0", "missing_lines": 3, "excluded_lines": 0}, "missing_lines": [525, 530, 531], "excluded_lines": []}, "Home.exp_col.collapse_all.collapse": {"executed_lines": [], "summary": {"covered_lines": 0, "num_statements": 3, "percent_covered": 0.0, "percent_covered_display": "0", "missing_lines": 3, "excluded_lines": 0}, "missing_lines": [526, 527, 528], "excluded_lines": []}, "": {"executed_lines": [], "summary": {"covered_lines": 0, "num_statements": 7, "percent_covered": 0.0, "percent_covered_display": "0", "missing_lines": 7, "excluded_lines": 0}, "missing_lines": [1, 2, 3, 4, 5, 6, 11], "excluded_lines": []}}, "classes": {"": {"executed_lines": [], "summary": {"covered_lines": 0, "num_statements": 313, "percent_covered": 0.0, "percent_covered_display": "0", "missing_lines": 313, "excluded_lines": 0}, "missing_lines": [1, 2, 3, 4, 5, 6, 11, 12, 13, 15, 16, 17, 19, 20, 30, 52, 53, 54, 59, 60, 62, 63, 65, 67, 68, 69, 71, 76, 78, 79, 86, 87, 88, 90, 91, 93, 94, 96, 104, 106, 107, 108, 109, 111, 112, 114, 120, 121, 122, 125, 134, 135, 136, 137, 138, 140, 141, 142, 143, 144, 145, 147, 148, 149, 151, 153, 155, 156, 157, 158, 160, 161, 162, 164, 165, 166, 167, 169, 171, 173, 174, 175, 176, 178, 180, 181, 182, 183, 184, 185, 187, 189, 190, 191, 192, 194, 196, 197, 198, 200, 203, 206, 207, 208, 209, 212, 214, 215, 216, 218, 219, 220, 222, 223, 224, 226, 228, 230, 231, 232, 234, 235, 236, 237, 239, 240, 241, 242, 244, 246, 249, 250, 252, 254, 255, 256, 257, 259, 260, 261, 262, 263, 265, 266, 267, 268, 270, 271, 272, 273, 275, 276, 278, 280, 282, 284, 285, 286, 288, 289, 290, 292, 293, 294, 295, 297, 298, 299, 300, 302, 303, 305, 306, 307, 310, 311, 313, 314, 315, 316, 317, 319, 320, 322, 330, 331, 333, 334, 335, 336, 337, 339, 347, 348, 350, 351, 353, 354, 356, 364, 366, 367, 368, 369, 370, 372, 373, 376, 377, 379, 380, 382, 388, 389, 391, 392, 393, 395, 396, 398, 399, 401, 403, 404, 405, 407, 409, 410, 412, 413, 415, 417, 425, 426, 428, 429, 430, 431, 432, 433, 435, 436, 437, 438, 439, 441, 442, 443, 444, 445, 447, 455, 456, 458, 459, 461, 462, 463, 464, 466, 467, 468, 469, 470, 471, 472, 473, 474, 475, 476, 477, 480, 481, 483, 484, 485, 487, 488, 489, 490, 492, 494, 495, 503, 505, 506, 508, 509, 512, 513, 515, 516, 517, 518, 519, 521, 522, 524, 525, 526, 527, 528, 530, 531, 533, 534, 535, 536, 538, 539, 540, 542, 543], "excluded_lines": []}}}, "src/gui/views/timer.py": {"executed_lines": [], "summary": {"covered_lines": 0, "num_statements": 210, "percent_covered": 0.0, "percent_covered_display": "0", "missing_lines": 210, "excluded_lines": 0}, "missing_lines": [1, 2, 3, 4, 5, 6, 7, 8, 9, 13, 14, 15, 17, 18, 21, 22, 23, 24, 25, 26, 27, 28, 29, 32, 38, 39, 40, 41, 42, 43, 46, 47, 49, 51, 52, 54, 57, 58, 60, 61, 64, 65, 66, 67, 68, 71, 72, 73, 74, 75, 76, 77, 79, 80, 81, 82, 83, 84, 85, 87, 88, 89, 90, 91, 92, 93, 96, 97, 98, 101, 102, 104, 106, 108, 110, 112, 114, 116, 117, 118, 119, 120, 122, 123, 125, 126, 127, 128, 130, 131, 132, 133, 134, 136, 137, 139, 140, 141, 144, 145, 146, 148, 149, 150, 151, 156, 157, 159, 160, 161, 162, 163, 164, 166, 168, 169, 170, 171, 172, 173, 174, 175, 177, 179, 180, 181, 182, 183, 184, 185, 187, 188, 189, 191, 192, 193, 194, 195, 197, 198, 199, 201, 202, 203, 204, 206, 207, 208, 210, 211, 213, 214, 216, 217, 218, 219, 220, 221, 222, 224, 225, 226, 227, 228, 230, 232, 233, 234, 236, 237, 239, 240, 241, 243, 244, 246, 247, 249, 251, 253, 254, 255, 257, 258, 259, 260, 261, 262, 263, 264, 265, 266, 267, 268, 269, 270, 272, 273, 274, 277, 278, 280, 281, 282, 284, 285, 287, 288, 291, 292], "excluded_lines": [], "functions": {"Timer": {"executed_lines": [], "summary": {"covered_lines": 0, "num_statements": 72, "percent_covered": 0.0, "percent_covered_display": "0", "missing_lines": 72, "excluded_lines": 0}, "missing_lines": [14, 15, 17, 18, 21, 22, 23, 24, 25, 26, 27, 28, 29, 32, 38, 39, 40, 41, 42, 43, 46, 47, 49, 57, 58, 60, 61, 64, 65, 66, 67, 68, 71, 79, 87, 96, 97, 98, 101, 102, 104, 106, 108, 110, 112, 114, 116, 122, 123, 125, 144, 145, 146, 148, 159, 166, 177, 187, 216, 232, 253, 277, 278, 280, 281, 282, 284, 285, 287, 288, 291, 292], "excluded_lines": []}, "Timer.update_work_content_state": {"executed_lines": [], "summary": {"covered_lines": 0, "num_statements": 3, "percent_covered": 0.0, "percent_covered_display": "0", "missing_lines": 3, "excluded_lines": 0}, "missing_lines": [51, 52, 54], "excluded_lines": []}, "Timer.validate_hour": {"executed_lines": [], "summary": {"covered_lines": 0, "num_statements": 6, "percent_covered": 0.0, "percent_covered_display": "0", "missing_lines": 6, "excluded_lines": 0}, "missing_lines": [72, 73, 74, 75, 76, 77], "excluded_lines": []}, "Timer.validate_minute": {"executed_lines": [], "summary": {"covered_lines": 0, "num_statements": 6, "percent_covered": 0.0, "percent_covered_display": "0", "missing_lines": 6, "excluded_lines": 0}, "missing_lines": [80, 81, 82, 83, 84, 85], "excluded_lines": []}, "Timer.validate_second": {"executed_lines": [], "summary": {"covered_lines": 0, "num_statements": 6, "percent_covered": 0.0, "percent_covered_display": "0", "missing_lines": 6, "excluded_lines": 0}, "missing_lines": [88, 89, 90, 91, 92, 93], "excluded_lines": []}, "Timer.format_time": {"executed_lines": [], "summary": {"covered_lines": 0, "num_statements": 4, "percent_covered": 0.0, "percent_covered_display": "0", "missing_lines": 4, "excluded_lines": 0}, "missing_lines": [117, 118, 119, 120], "excluded_lines": []}, "Timer.update_display": {"executed_lines": [], "summary": {"covered_lines": 0, "num_statements": 13, "percent_covered": 0.0, "percent_covered_display": "0", "missing_lines": 13, "excluded_lines": 0}, "missing_lines": [126, 127, 128, 130, 131, 132, 133, 134, 136, 137, 139, 140, 141], "excluded_lines": []}, "Timer.save_current_settings": {"executed_lines": [], "summary": {"covered_lines": 0, "num_statements": 5, "percent_covered": 0.0, "percent_covered_display": "0", "missing_lines": 5, "excluded_lines": 0}, "missing_lines": [149, 150, 151, 156, 157], "excluded_lines": []}, "Timer.load_mode_settings": {"executed_lines": [], "summary": {"covered_lines": 0, "num_statements": 5, "percent_covered": 0.0, "percent_covered_display": "0", "missing_lines": 5, "excluded_lines": 0}, "missing_lines": [160, 161, 162, 163, 164], "excluded_lines": []}, "Timer.set_work": {"executed_lines": [], "summary": {"covered_lines": 0, "num_statements": 8, "percent_covered": 0.0, "percent_covered_display": "0", "missing_lines": 8, "excluded_lines": 0}, "missing_lines": [168, 169, 170, 171, 172, 173, 174, 175], "excluded_lines": []}, "Timer.set_break": {"executed_lines": [], "summary": {"covered_lines": 0, "num_statements": 7, "percent_covered": 0.0, "percent_covered_display": "0", "missing_lines": 7, "excluded_lines": 0}, "missing_lines": [179, 180, 181, 182, 183, 184, 185], "excluded_lines": []}, "Timer.start_timer": {"executed_lines": [], "summary": {"covered_lines": 0, "num_statements": 21, "percent_covered": 0.0, "percent_covered_display": "0", "missing_lines": 21, "excluded_lines": 0}, "missing_lines": [188, 189, 191, 192, 193, 194, 195, 197, 198, 199, 201, 202, 203, 204, 206, 207, 208, 210, 211, 213, 214], "excluded_lines": []}, "Timer.pause_timer": {"executed_lines": [], "summary": {"covered_lines": 0, "num_statements": 12, "percent_covered": 0.0, "percent_covered_display": "0", "missing_lines": 12, "excluded_lines": 0}, "missing_lines": [217, 218, 219, 220, 221, 222, 224, 225, 226, 227, 228, 230], "excluded_lines": []}, "Timer.reset_timer": {"executed_lines": [], "summary": {"covered_lines": 0, "num_statements": 13, "percent_covered": 0.0, "percent_covered_display": "0", "missing_lines": 13, "excluded_lines": 0}, "missing_lines": [233, 234, 236, 237, 239, 240, 241, 243, 244, 246, 247, 249, 251], "excluded_lines": []}, "Timer.countdown": {"executed_lines": [], "summary": {"covered_lines": 0, "num_statements": 19, "percent_covered": 0.0, "percent_covered_display": "0", "missing_lines": 19, "excluded_lines": 0}, "missing_lines": [254, 255, 257, 258, 259, 260, 261, 262, 263, 264, 265, 266, 267, 268, 269, 270, 272, 273, 274], "excluded_lines": []}, "": {"executed_lines": [], "summary": {"covered_lines": 0, "num_statements": 10, "percent_covered": 0.0, "percent_covered_display": "0", "missing_lines": 10, "excluded_lines": 0}, "missing_lines": [1, 2, 3, 4, 5, 6, 7, 8, 9, 13], "excluded_lines": []}}, "classes": {"": {"executed_lines": [], "summary": {"covered_lines": 0, "num_statements": 210, "percent_covered": 0.0, "percent_covered_display": "0", "missing_lines": 210, "excluded_lines": 0}, "missing_lines": [1, 2, 3, 4, 5, 6, 7, 8, 9, 13, 14, 15, 17, 18, 21, 22, 23, 24, 25, 26, 27, 28, 29, 32, 38, 39, 40, 41, 42, 43, 46, 47, 49, 51, 52, 54, 57, 58, 60, 61, 64, 65, 66, 67, 68, 71, 72, 73, 74, 75, 76, 77, 79, 80, 81, 82, 83, 84, 85, 87, 88, 89, 90, 91, 92, 93, 96, 97, 98, 101, 102, 104, 106, 108, 110, 112, 114, 116, 117, 118, 119, 120, 122, 123, 125, 126, 127, 128, 130, 131, 132, 133, 134, 136, 137, 139, 140, 141, 144, 145, 146, 148, 149, 150, 151, 156, 157, 159, 160, 161, 162, 163, 164, 166, 168, 169, 170, 171, 172, 173, 174, 175, 177, 179, 180, 181, 182, 183, 184, 185, 187, 188, 189, 191, 192, 193, 194, 195, 197, 198, 199, 201, 202, 203, 204, 206, 207, 208, 210, 211, 213, 214, 216, 217, 218, 219, 220, 221, 222, 224, 225, 226, 227, 228, 230, 232, 233, 234, 236, 237, 239, 240, 241, 243, 244, 246, 247, 249, 251, 253, 254, 255, 257, 258, 259, 260, 261, 262, 263, 264, 265, 266, 267, 268, 269, 270, 272, 273, 274, 277, 278, 280, 281, 282, 284, 285, 287, 288, 291, 292], "excluded_lines": []}}}, "src/gui/widgets/__init__.py": {"executed_lines": [], "summary": {"covered_lines": 0, "num_statements": 0, "percent_covered": 100.0, "percent_covered_display": "100", "missing_lines": 0, "excluded_lines": 0}, "missing_lines": [], "excluded_lines": [], "functions": {"": {"executed_lines": [], "summary": {"covered_lines": 0, "num_statements": 0, "percent_covered": 100.0, "percent_covered_display": "100", "missing_lines": 0, "excluded_lines": 0}, "missing_lines": [], "excluded_lines": []}}, "classes": {"": {"executed_lines": [], "summary": {"covered_lines": 0, "num_statements": 0, "percent_covered": 100.0, "percent_covered_display": "100", "missing_lines": 0, "excluded_lines": 0}, "missing_lines": [], "excluded_lines": []}}}, "src/gui/widgets/content_bar.py": {"executed_lines": [], "summary": {"covered_lines": 0, "num_statements": 25, "percent_covered": 0.0, "percent_covered_display": "0", "missing_lines": 25, "excluded_lines": 0}, "missing_lines": [1, 2, 3, 4, 5, 6, 10, 11, 13, 15, 16, 17, 18, 19, 21, 23, 28, 29, 30, 31, 32, 33, 34, 35, 36], "excluded_lines": [], "functions": {"ContentBar": {"executed_lines": [], "summary": {"covered_lines": 0, "num_statements": 9, "percent_covered": 0.0, "percent_covered_display": "0", "missing_lines": 9, "excluded_lines": 0}, "missing_lines": [11, 13, 15, 16, 17, 18, 19, 21, 23], "excluded_lines": []}, "Choose_content": {"executed_lines": [], "summary": {"covered_lines": 0, "num_statements": 8, "percent_covered": 0.0, "percent_covered_display": "0", "missing_lines": 8, "excluded_lines": 0}, "missing_lines": [29, 30, 31, 32, 33, 34, 35, 36], "excluded_lines": []}, "": {"executed_lines": [], "summary": {"covered_lines": 0, "num_statements": 8, "percent_covered": 0.0, "percent_covered_display": "0", "missing_lines": 8, "excluded_lines": 0}, "missing_lines": [1, 2, 3, 4, 5, 6, 10, 28], "excluded_lines": []}}, "classes": {"": {"executed_lines": [], "summary": {"covered_lines": 0, "num_statements": 25, "percent_covered": 0.0, "percent_covered_display": "0", "missing_lines": 25, "excluded_lines": 0}, "missing_lines": [1, 2, 3, 4, 5, 6, 10, 11, 13, 15, 16, 17, 18, 19, 21, 23, 28, 29, 30, 31, 32, 33, 34, 35, 36], "excluded_lines": []}}}, "src/gui/widgets/navigation_bar.py": {"executed_lines": [], "summary": {"covered_lines": 0, "num_statements": 30, "percent_covered": 0.0, "percent_covered_display": "0", "missing_lines": 30, "excluded_lines": 0}, "missing_lines": [1, 2, 3, 4, 8, 11, 12, 14, 15, 16, 17, 19, 25, 33, 36, 38, 40, 41, 42, 44, 45, 46, 48, 49, 50, 52, 53, 54, 57, 59], "excluded_lines": [], "functions": {"NavigationBar": {"executed_lines": [], "summary": {"covered_lines": 0, "num_statements": 25, "percent_covered": 0.0, "percent_covered_display": "0", "missing_lines": 25, "excluded_lines": 0}, "missing_lines": [11, 12, 14, 15, 16, 17, 19, 25, 33, 36, 38, 40, 41, 42, 44, 45, 46, 48, 49, 50, 52, 53, 54, 57, 59], "excluded_lines": []}, "": {"executed_lines": [], "summary": {"covered_lines": 0, "num_statements": 5, "percent_covered": 0.0, "percent_covered_display": "0", "missing_lines": 5, "excluded_lines": 0}, "missing_lines": [1, 2, 3, 4, 8], "excluded_lines": []}}, "classes": {"": {"executed_lines": [], "summary": {"covered_lines": 0, "num_statements": 30, "percent_covered": 0.0, "percent_covered_display": "0", "missing_lines": 30, "excluded_lines": 0}, "missing_lines": [1, 2, 3, 4, 8, 11, 12, 14, 15, 16, 17, 19, 25, 33, 36, 38, 40, 41, 42, 44, 45, 46, 48, 49, 50, 52, 53, 54, 57, 59], "excluded_lines": []}}}, "src/gui/widgets/title_bar.py": {"executed_lines": [], "summary": {"covered_lines": 0, "num_statements": 16, "percent_covered": 0.0, "percent_covered_display": "0", "missing_lines": 16, "excluded_lines": 0}, "missing_lines": [1, 2, 6, 7, 9, 11, 12, 13, 14, 16, 18, 26, 27, 28, 31, 33], "excluded_lines": [], "functions": {"TitleBar": {"executed_lines": [], "summary": {"covered_lines": 0, "num_statements": 13, "percent_covered": 0.0, "percent_covered_display": "0", "missing_lines": 13, "excluded_lines": 0}, "missing_lines": [7, 9, 11, 12, 13, 14, 16, 18, 26, 27, 28, 31, 33], "excluded_lines": []}, "": {"executed_lines": [], "summary": {"covered_lines": 0, "num_statements": 3, "percent_covered": 0.0, "percent_covered_display": "0", "missing_lines": 3, "excluded_lines": 0}, "missing_lines": [1, 2, 6], "excluded_lines": []}}, "classes": {"": {"executed_lines": [], "summary": {"covered_lines": 0, "num_statements": 16, "percent_covered": 0.0, "percent_covered_display": "0", "missing_lines": 16, "excluded_lines": 0}, "missing_lines": [1, 2, 6, 7, 9, 11, 12, 13, 14, 16, 18, 26, 27, 28, 31, 33], "excluded_lines": []}}}}, "totals": {"covered_lines": 241, "num_statements": 1541, "percent_covered": 15.63919532770928, "percent_covered_display": "16", "missing_lines": 1300, "excluded_lines": 0}}